<?xml version="1.0" encoding="UTF-8"?>
<testsuite xmlns:xsi="http://www.w3.org/2001/XMLSchema-instance" xsi:noNamespaceSchemaLocation="https://maven.apache.org/surefire/maven-surefire-plugin/xsd/surefire-test-report.xsd" name="com.mycompany.app.CalculatorTest" time="0.046" tests="4" errors="0" skipped="0" failures="0">
  <properties>
[...]
</properties>
  <testcase name="testAdd" classname="com.mycompany.app.CalculatorTest" time="0.002"/>
  <testcase name="testDiv" classname="com.mycompany.app.CalculatorTest" time="0"/>
  <testcase name="testMul" classname="com.mycompany.app.CalculatorTest" time="0"/>
  <testcase name="testSub" classname="com.mycompany.app.CalculatorTest" time="0"/>
</testsuite>